{"contracts/core/EthDropBase.sol":{"l":{"135":0,"139":0,"211":0,"213":0,"241":0,"243":0},"path":"/Users/jim/trash/EthDrop/contracts/core/EthDropBase.sol","s":{"1":0,"2":0,"3":0,"4":0,"5":0,"6":0},"b":{},"f":{"1":0,"2":0,"3":0,"4":0},"fnMap":{"1":{"name":"getGroupIds","line":134,"loc":{"start":{"line":134,"column":4},"end":{"line":136,"column":4}}},"2":{"name":"getGroupNames","line":138,"loc":{"start":{"line":138,"column":4},"end":{"line":140,"column":4}}},"3":{"name":"getGroupEventData","line":185,"loc":{"start":{"line":185,"column":4},"end":{"line":226,"column":4}}},"4":{"name":"getGroupPublicData","line":228,"loc":{"start":{"line":228,"column":4},"end":{"line":252,"column":4}}}},"statementMap":{"1":{"start":{"line":135,"column":8},"end":{"line":135,"column":29}},"2":{"start":{"line":139,"column":8},"end":{"line":139,"column":31}},"3":{"start":{"line":211,"column":8},"end":{"line":211,"column":62}},"4":{"start":{"line":213,"column":8},"end":{"line":213,"column":8446}},"5":{"start":{"line":241,"column":8},"end":{"line":241,"column":62}},"6":{"start":{"line":243,"column":8},"end":{"line":243,"column":9447}}},"branchMap":{}},"contracts/core/EthDropCore.sol":{"l":{"15":3,"18":3,"30":0,"31":0,"35":0},"path":"/Users/jim/trash/EthDrop/contracts/core/EthDropCore.sol","s":{"1":3,"2":3,"3":0,"4":0,"5":0},"b":{},"f":{"1":3,"2":0,"3":0},"fnMap":{"1":{"name":"constructor","line":11,"loc":{"start":{"line":11,"column":4},"end":{"line":20,"column":4}}},"2":{"name":"setNewAddress","line":28,"loc":{"start":{"line":28,"column":4},"end":{"line":32,"column":4}}},"3":{"name":"foobar","line":34,"loc":{"start":{"line":34,"column":4},"end":{"line":36,"column":4}}}},"statementMap":{"1":{"start":{"line":15,"column":8},"end":{"line":15,"column":21}},"2":{"start":{"line":18,"column":8},"end":{"line":18,"column":30}},"3":{"start":{"line":30,"column":8},"end":{"line":30,"column":38}},"4":{"start":{"line":31,"column":8},"end":{"line":31,"column":40}},"5":{"start":{"line":35,"column":8},"end":{"line":35,"column":30}}},"branchMap":{}},"contracts/GroupEventStateManager.sol":{"l":{},"path":"/Users/jim/trash/EthDrop/contracts/GroupEventStateManager.sol","s":{},"b":{},"f":{"1":3},"fnMap":{"1":{"name":"constructor","line":5,"loc":{"start":{"line":5,"column":2},"end":{"line":6,"column":2}}}},"statementMap":{},"branchMap":{}},"contracts/roles/AdminsManager.sol":{"l":{"30":11,"32":11,"36":8,"37":8,"45":16,"48":16,"49":1,"52":15,"56":4,"65":8,"74":0,"78":5,"90":1,"98":0,"99":0,"103":0,"104":0,"105":0,"109":1,"113":0,"122":8,"123":7,"125":7,"126":7,"127":7,"130":8,"132":8,"133":8,"134":8,"136":8,"138":8,"142":1,"144":1,"146":1,"155":0,"164":2,"166":2,"183":2,"185":2,"186":2,"188":2,"190":2,"198":2,"200":2,"208":1,"213":1,"217":1,"220":1,"223":1,"227":1,"229":1,"237":0,"240":0,"245":0,"249":0,"252":0,"253":0,"254":0,"256":0,"258":0,"260":0,"261":0,"262":0,"263":0,"265":0,"275":3,"276":3,"278":3,"279":3,"280":3,"283":3,"287":3,"290":3,"291":3,"293":3,"303":0,"304":0,"305":0,"313":0,"326":3,"330":3,"334":3,"339":3,"343":3,"349":3,"366":2,"382":1},"path":"/Users/jim/trash/EthDrop/contracts/roles/AdminsManager.sol","s":{"1":11,"2":8,"3":16,"4":16,"5":1,"6":15,"7":4,"8":8,"9":0,"10":5,"11":1,"12":0,"13":0,"14":0,"15":0,"16":1,"17":0,"18":8,"19":7,"20":7,"21":7,"22":7,"23":8,"24":8,"25":8,"26":8,"27":8,"28":8,"29":1,"30":1,"31":1,"32":0,"33":2,"34":2,"35":2,"36":2,"37":2,"38":2,"39":2,"40":2,"41":1,"42":1,"43":1,"44":1,"45":1,"46":1,"47":1,"48":0,"49":0,"50":0,"51":0,"52":0,"53":0,"54":0,"55":0,"56":0,"57":0,"58":3,"59":3,"60":3,"61":3,"62":3,"63":3,"64":3,"65":3,"66":3,"67":3,"68":0,"69":0,"70":0,"71":0,"72":3,"73":3,"74":3,"75":3,"76":3,"77":3,"78":2,"79":1},"b":{"1":[11,0],"2":[8,0],"3":[1,15],"4":[0,0],"5":[7,1],"6":[1,0],"7":[3,0]},"f":{"1":31,"2":11,"3":8,"4":16,"5":4,"6":8,"7":0,"8":5,"9":1,"10":0,"11":0,"12":1,"13":0,"14":8,"15":1,"16":0,"17":2,"18":2,"19":1,"20":0,"21":3,"22":0,"23":0,"24":3,"25":2,"26":1},"fnMap":{"1":{"name":"constructor","line":27,"loc":{"start":{"line":27,"column":4},"end":{"line":27,"column":19}}},"2":{"name":"onlyAdmins","line":29,"loc":{"start":{"line":29,"column":4},"end":{"line":33,"column":4}}},"3":{"name":"wasntAlreadyAnAdmin","line":35,"loc":{"start":{"line":35,"column":4},"end":{"line":38,"column":4}}},"4":{"name":"isAdmin","line":40,"loc":{"start":{"line":40,"column":4},"end":{"line":53,"column":4}}},"5":{"name":"getMyAdminIndex","line":55,"loc":{"start":{"line":55,"column":4},"end":{"line":57,"column":4}}},"6":{"name":"addAdmin","line":64,"loc":{"start":{"line":60,"column":4},"end":{"line":66,"column":4}}},"7":{"name":"getAddressNextAdminIndex","line":69,"loc":{"start":{"line":69,"column":4},"end":{"line":75,"column":4}}},"8":{"name":"amIAdmin","line":77,"loc":{"start":{"line":77,"column":4},"end":{"line":79,"column":4}}},"9":{"name":"getAdminsForGroup","line":81,"loc":{"start":{"line":81,"column":4},"end":{"line":95,"column":4}}},"10":{"name":"onlyAdminsOrCOO","line":97,"loc":{"start":{"line":97,"column":4},"end":{"line":100,"column":4}}},"11":{"name":"reEnableAdmin","line":102,"loc":{"start":{"line":102,"column":4},"end":{"line":106,"column":4}}},"12":{"name":"removeAdmin","line":108,"loc":{"start":{"line":108,"column":4},"end":{"line":110,"column":4}}},"13":{"name":"renounceAdmin","line":112,"loc":{"start":{"line":112,"column":4},"end":{"line":114,"column":4}}},"14":{"name":"_addAdmin","line":116,"loc":{"start":{"line":116,"column":4},"end":{"line":139,"column":4}}},"15":{"name":"_removeAdmin","line":141,"loc":{"start":{"line":141,"column":4},"end":{"line":147,"column":4}}},"16":{"name":"readEventInfo","line":152,"loc":{"start":{"line":149,"column":4},"end":{"line":156,"column":4}}},"17":{"name":"createNewGroup","line":161,"loc":{"start":{"line":158,"column":4},"end":{"line":191,"column":4}}},"18":{"name":"startEvent","line":196,"loc":{"start":{"line":193,"column":4},"end":{"line":201,"column":4}}},"19":{"name":"closeEventRegistration","line":206,"loc":{"start":{"line":203,"column":4},"end":{"line":230,"column":4}}},"20":{"name":"endEvent","line":235,"loc":{"start":{"line":232,"column":4},"end":{"line":266,"column":4}}},"21":{"name":"addEligibleRecipient","line":272,"loc":{"start":{"line":268,"column":4},"end":{"line":296,"column":4}}},"22":{"name":"removeEligibleRecipient","line":301,"loc":{"start":{"line":298,"column":4},"end":{"line":306,"column":4}}},"23":{"name":"changeContributor","line":311,"loc":{"start":{"line":308,"column":4},"end":{"line":314,"column":4}}},"24":{"name":"approveRequestToJoinGroup","line":324,"loc":{"start":{"line":316,"column":4},"end":{"line":354,"column":4}}},"25":{"name":"getNewJoinerRequests","line":359,"loc":{"start":{"line":356,"column":4},"end":{"line":371,"column":4}}},"26":{"name":"getEligibleRecipients","line":373,"loc":{"start":{"line":373,"column":4},"end":{"line":387,"column":4}}}},"statementMap":{"1":{"start":{"line":30,"column":8},"end":{"line":30,"column":1061}},"2":{"start":{"line":36,"column":8},"end":{"line":36,"column":58}},"3":{"start":{"line":45,"column":8},"end":{"line":45,"column":66}},"4":{"start":{"line":48,"column":8},"end":{"line":48,"column":1517}},"5":{"start":{"line":49,"column":12},"end":{"line":49,"column":24}},"6":{"start":{"line":52,"column":8},"end":{"line":52,"column":56}},"7":{"start":{"line":56,"column":8},"end":{"line":56,"column":55}},"8":{"start":{"line":65,"column":8},"end":{"line":65,"column":40}},"9":{"start":{"line":74,"column":8},"end":{"line":74,"column":46}},"10":{"start":{"line":78,"column":8},"end":{"line":78,"column":43}},"11":{"start":{"line":90,"column":8},"end":{"line":90,"column":2583}},"12":{"start":{"line":98,"column":8},"end":{"line":98,"column":72}},"13":{"start":{"line":103,"column":8},"end":{"line":103,"column":61}},"14":{"start":{"line":104,"column":8},"end":{"line":104,"column":42}},"15":{"start":{"line":105,"column":8},"end":{"line":105,"column":64}},"16":{"start":{"line":109,"column":8},"end":{"line":109,"column":37}},"17":{"start":{"line":113,"column":8},"end":{"line":113,"column":40}},"18":{"start":{"line":122,"column":8},"end":{"line":122,"column":3571}},"19":{"start":{"line":123,"column":12},"end":{"line":123,"column":46}},"20":{"start":{"line":125,"column":12},"end":{"line":125,"column":51}},"21":{"start":{"line":126,"column":12},"end":{"line":126,"column":44}},"22":{"start":{"line":127,"column":12},"end":{"line":127,"column":51}},"23":{"start":{"line":130,"column":8},"end":{"line":130,"column":78}},"24":{"start":{"line":132,"column":8},"end":{"line":132,"column":44}},"25":{"start":{"line":133,"column":8},"end":{"line":133,"column":39}},"26":{"start":{"line":134,"column":8},"end":{"line":134,"column":37}},"27":{"start":{"line":136,"column":8},"end":{"line":136,"column":76}},"28":{"start":{"line":138,"column":8},"end":{"line":138,"column":74}},"29":{"start":{"line":142,"column":8},"end":{"line":142,"column":61}},"30":{"start":{"line":144,"column":8},"end":{"line":144,"column":43}},"31":{"start":{"line":146,"column":8},"end":{"line":146,"column":62}},"32":{"start":{"line":155,"column":8},"end":{"line":155,"column":37}},"33":{"start":{"line":164,"column":8},"end":{"line":164,"column":40}},"34":{"start":{"line":166,"column":8},"end":{"line":166,"column":4879}},"35":{"start":{"line":183,"column":8},"end":{"line":183,"column":43}},"36":{"start":{"line":185,"column":8},"end":{"line":185,"column":38}},"37":{"start":{"line":186,"column":8},"end":{"line":186,"column":39}},"38":{"start":{"line":188,"column":8},"end":{"line":188,"column":48}},"39":{"start":{"line":198,"column":8},"end":{"line":198,"column":68}},"40":{"start":{"line":200,"column":8},"end":{"line":200,"column":46}},"41":{"start":{"line":208,"column":8},"end":{"line":208,"column":5828}},"42":{"start":{"line":213,"column":8},"end":{"line":213,"column":6010}},"43":{"start":{"line":217,"column":8},"end":{"line":217,"column":46}},"44":{"start":{"line":220,"column":8},"end":{"line":220,"column":79}},"45":{"start":{"line":223,"column":8},"end":{"line":223,"column":6427}},"46":{"start":{"line":227,"column":8},"end":{"line":227,"column":70}},"47":{"start":{"line":229,"column":8},"end":{"line":229,"column":51}},"48":{"start":{"line":237,"column":8},"end":{"line":237,"column":61}},"49":{"start":{"line":240,"column":8},"end":{"line":240,"column":6864}},"50":{"start":{"line":245,"column":12},"end":{"line":245,"column":7008}},"51":{"start":{"line":256,"column":8},"end":{"line":256,"column":49}},"52":{"start":{"line":258,"column":8},"end":{"line":258,"column":55}},"53":{"start":{"line":260,"column":8},"end":{"line":260,"column":59}},"54":{"start":{"line":261,"column":8},"end":{"line":261,"column":56}},"55":{"start":{"line":262,"column":8},"end":{"line":262,"column":45}},"56":{"start":{"line":263,"column":8},"end":{"line":263,"column":65}},"57":{"start":{"line":265,"column":8},"end":{"line":265,"column":44}},"58":{"start":{"line":275,"column":8},"end":{"line":275,"column":8082}},"59":{"start":{"line":276,"column":12},"end":{"line":276,"column":58}},"60":{"start":{"line":278,"column":12},"end":{"line":278,"column":68}},"61":{"start":{"line":279,"column":12},"end":{"line":279,"column":56}},"62":{"start":{"line":280,"column":12},"end":{"line":280,"column":70}},"63":{"start":{"line":283,"column":8},"end":{"line":283,"column":8468}},"64":{"start":{"line":287,"column":8},"end":{"line":287,"column":8572}},"65":{"start":{"line":290,"column":8},"end":{"line":290,"column":75}},"66":{"start":{"line":291,"column":8},"end":{"line":291,"column":65}},"67":{"start":{"line":293,"column":8},"end":{"line":293,"column":8830}},"68":{"start":{"line":303,"column":8},"end":{"line":303,"column":74}},"69":{"start":{"line":304,"column":8},"end":{"line":304,"column":69}},"70":{"start":{"line":305,"column":8},"end":{"line":305,"column":55}},"71":{"start":{"line":313,"column":8},"end":{"line":313,"column":43}},"72":{"start":{"line":326,"column":8},"end":{"line":326,"column":9829}},"73":{"start":{"line":330,"column":8},"end":{"line":330,"column":9989}},"74":{"start":{"line":334,"column":8},"end":{"line":334,"column":10134}},"75":{"start":{"line":339,"column":8},"end":{"line":339,"column":10292}},"76":{"start":{"line":343,"column":8},"end":{"line":343,"column":10398}},"77":{"start":{"line":349,"column":8},"end":{"line":349,"column":10542}},"78":{"start":{"line":366,"column":8},"end":{"line":366,"column":10928}},"79":{"start":{"line":382,"column":8},"end":{"line":382,"column":11312}}},"branchMap":{"1":{"line":30,"type":"if","locations":[{"start":{"line":30,"column":8},"end":{"line":30,"column":8}},{"start":{"line":30,"column":8},"end":{"line":30,"column":8}}]},"2":{"line":36,"type":"if","locations":[{"start":{"line":36,"column":8},"end":{"line":36,"column":8}},{"start":{"line":36,"column":8},"end":{"line":36,"column":8}}]},"3":{"line":48,"type":"if","locations":[{"start":{"line":48,"column":8},"end":{"line":48,"column":8}},{"start":{"line":48,"column":8},"end":{"line":48,"column":8}}]},"4":{"line":98,"type":"if","locations":[{"start":{"line":98,"column":8},"end":{"line":98,"column":8}},{"start":{"line":98,"column":8},"end":{"line":98,"column":8}}]},"5":{"line":122,"type":"if","locations":[{"start":{"line":122,"column":8},"end":{"line":122,"column":8}},{"start":{"line":122,"column":8},"end":{"line":122,"column":8}}]},"6":{"line":208,"type":"if","locations":[{"start":{"line":208,"column":8},"end":{"line":208,"column":8}},{"start":{"line":208,"column":8},"end":{"line":208,"column":8}}]},"7":{"line":275,"type":"if","locations":[{"start":{"line":275,"column":8},"end":{"line":275,"column":8}},{"start":{"line":275,"column":8},"end":{"line":275,"column":8}}]}}},"contracts/roles/ContributorManager.sol":{"l":{"27":0,"28":0,"37":0,"46":0,"54":0,"58":0,"60":0,"61":0,"70":0,"71":0,"73":0,"74":0,"76":0,"77":0,"80":0,"97":0,"110":0,"111":0},"path":"/Users/jim/trash/EthDrop/contracts/roles/ContributorManager.sol","s":{"1":0,"2":0,"3":0,"4":0,"5":0,"6":0,"7":0,"8":0,"9":0,"10":0,"11":0,"12":0,"13":0,"14":0,"15":0,"16":0,"17":0},"b":{"1":[0,0],"2":[0,0],"3":[0,0],"4":[0,0]},"f":{"1":34,"2":0,"3":0,"4":0,"5":0,"6":0,"7":0,"8":0,"9":0},"fnMap":{"1":{"name":"constructor","line":24,"loc":{"start":{"line":24,"column":4},"end":{"line":24,"column":19}}},"2":{"name":"onlyContributor","line":26,"loc":{"start":{"line":26,"column":4},"end":{"line":29,"column":4}}},"3":{"name":"isContributor","line":34,"loc":{"start":{"line":31,"column":4},"end":{"line":38,"column":4}}},"4":{"name":"amIContributor","line":43,"loc":{"start":{"line":40,"column":4},"end":{"line":47,"column":4}}},"5":{"name":"getCurrentSponsorAddress","line":49,"loc":{"start":{"line":49,"column":4},"end":{"line":55,"column":4}}},"6":{"name":"_changeContributor","line":57,"loc":{"start":{"line":57,"column":4},"end":{"line":62,"column":4}}},"7":{"name":"updateContributorInfo","line":69,"loc":{"start":{"line":64,"column":4},"end":{"line":86,"column":4}}},"8":{"name":"getContributorInfo","line":88,"loc":{"start":{"line":88,"column":4},"end":{"line":102,"column":4}}},"9":{"name":"contributeToPot","line":108,"loc":{"start":{"line":104,"column":4},"end":{"line":116,"column":4}}}},"statementMap":{"1":{"start":{"line":27,"column":8},"end":{"line":27,"column":50}},"2":{"start":{"line":37,"column":8},"end":{"line":37,"column":67}},"3":{"start":{"line":46,"column":8},"end":{"line":46,"column":49}},"4":{"start":{"line":54,"column":8},"end":{"line":54,"column":56}},"5":{"start":{"line":58,"column":8},"end":{"line":58,"column":44}},"6":{"start":{"line":60,"column":8},"end":{"line":60,"column":58}},"7":{"start":{"line":61,"column":8},"end":{"line":61,"column":47}},"8":{"start":{"line":70,"column":8},"end":{"line":70,"column":1844}},"9":{"start":{"line":71,"column":12},"end":{"line":71,"column":66}},"10":{"start":{"line":73,"column":8},"end":{"line":73,"column":1975}},"11":{"start":{"line":74,"column":12},"end":{"line":74,"column":72}},"12":{"start":{"line":76,"column":8},"end":{"line":76,"column":2114}},"13":{"start":{"line":77,"column":12},"end":{"line":77,"column":76}},"14":{"start":{"line":80,"column":8},"end":{"line":80,"column":2262}},"15":{"start":{"line":97,"column":8},"end":{"line":97,"column":2747}},"16":{"start":{"line":110,"column":8},"end":{"line":110,"column":65}},"17":{"start":{"line":111,"column":8},"end":{"line":111,"column":3142}}},"branchMap":{"1":{"line":27,"type":"if","locations":[{"start":{"line":27,"column":8},"end":{"line":27,"column":8}},{"start":{"line":27,"column":8},"end":{"line":27,"column":8}}]},"2":{"line":70,"type":"if","locations":[{"start":{"line":70,"column":8},"end":{"line":70,"column":8}},{"start":{"line":70,"column":8},"end":{"line":70,"column":8}}]},"3":{"line":73,"type":"if","locations":[{"start":{"line":73,"column":8},"end":{"line":73,"column":8}},{"start":{"line":73,"column":8},"end":{"line":73,"column":8}}]},"4":{"line":76,"type":"if","locations":[{"start":{"line":76,"column":8},"end":{"line":76,"column":8}},{"start":{"line":76,"column":8},"end":{"line":76,"column":8}}]}}},"contracts/roles/ExecutivesAccessControl.sol":{"l":{"44":37,"46":33,"51":0,"53":0,"58":11,"60":11,"64":0,"70":0,"74":0,"80":0,"83":0,"88":6,"92":0,"96":0,"100":2,"106":6,"109":2,"110":2,"114":6,"118":2,"124":27,"126":27,"127":27,"131":0,"138":15,"139":15,"144":0,"145":0,"151":0,"161":0,"163":0,"167":0},"path":"/Users/jim/trash/EthDrop/contracts/roles/ExecutivesAccessControl.sol","s":{"1":37,"2":0,"3":11,"4":0,"5":0,"6":0,"7":0,"8":6,"9":0,"10":0,"11":2,"12":6,"13":2,"14":2,"15":6,"16":2,"17":27,"18":27,"19":27,"20":0,"21":15,"22":0,"23":0,"24":0,"25":0,"26":0},"b":{"1":[33,4],"2":[0,0],"3":[11,0],"4":[0,0],"5":[0,0],"6":[2,4],"7":[27,0],"8":[15,0],"9":[0,0]},"f":{"1":37,"2":0,"3":11,"4":0,"5":0,"6":0,"7":6,"8":0,"9":0,"10":2,"11":6,"12":6,"13":2,"14":27,"15":0,"16":15,"17":0,"18":0,"19":0,"20":0},"fnMap":{"1":{"name":"onlyCEO","line":43,"loc":{"start":{"line":43,"column":4},"end":{"line":47,"column":4}}},"2":{"name":"onlyCFO","line":50,"loc":{"start":{"line":50,"column":4},"end":{"line":54,"column":4}}},"3":{"name":"onlyCOO","line":57,"loc":{"start":{"line":57,"column":4},"end":{"line":61,"column":4}}},"4":{"name":"onlyCLevel","line":63,"loc":{"start":{"line":63,"column":4},"end":{"line":71,"column":4}}},"5":{"name":"isCEO","line":73,"loc":{"start":{"line":73,"column":4},"end":{"line":75,"column":4}}},"6":{"name":"setCEO","line":79,"loc":{"start":{"line":79,"column":4},"end":{"line":85,"column":4}}},"7":{"name":"isCFO","line":87,"loc":{"start":{"line":87,"column":4},"end":{"line":89,"column":4}}},"8":{"name":"getString","line":91,"loc":{"start":{"line":91,"column":4},"end":{"line":93,"column":4}}},"9":{"name":"setString","line":95,"loc":{"start":{"line":95,"column":4},"end":{"line":97,"column":4}}},"10":{"name":"getCFO","line":99,"loc":{"start":{"line":99,"column":4},"end":{"line":101,"column":4}}},"11":{"name":"setCFO","line":105,"loc":{"start":{"line":105,"column":4},"end":{"line":111,"column":4}}},"12":{"name":"isCOO","line":113,"loc":{"start":{"line":113,"column":4},"end":{"line":115,"column":4}}},"13":{"name":"getCOO","line":117,"loc":{"start":{"line":117,"column":4},"end":{"line":119,"column":4}}},"14":{"name":"setCOO","line":123,"loc":{"start":{"line":123,"column":4},"end":{"line":128,"column":4}}},"15":{"name":"whoami","line":130,"loc":{"start":{"line":130,"column":4},"end":{"line":132,"column":4}}},"16":{"name":"whenNotPaused","line":137,"loc":{"start":{"line":137,"column":4},"end":{"line":140,"column":4}}},"17":{"name":"whenPaused","line":143,"loc":{"start":{"line":143,"column":4},"end":{"line":146,"column":4}}},"18":{"name":"pause","line":150,"loc":{"start":{"line":150,"column":4},"end":{"line":152,"column":4}}},"19":{"name":"unpause","line":159,"loc":{"start":{"line":159,"column":4},"end":{"line":164,"column":4}}},"20":{"name":"isPaused","line":166,"loc":{"start":{"line":166,"column":4},"end":{"line":168,"column":4}}}},"statementMap":{"1":{"start":{"line":44,"column":8},"end":{"line":44,"column":1984}},"2":{"start":{"line":51,"column":8},"end":{"line":51,"column":2174}},"3":{"start":{"line":58,"column":8},"end":{"line":58,"column":2364}},"4":{"start":{"line":64,"column":8},"end":{"line":64,"column":2463}},"5":{"start":{"line":74,"column":8},"end":{"line":74,"column":39}},"6":{"start":{"line":80,"column":8},"end":{"line":80,"column":3035}},"7":{"start":{"line":83,"column":8},"end":{"line":83,"column":36}},"8":{"start":{"line":88,"column":8},"end":{"line":88,"column":39}},"9":{"start":{"line":92,"column":8},"end":{"line":92,"column":23}},"10":{"start":{"line":96,"column":8},"end":{"line":96,"column":20}},"11":{"start":{"line":100,"column":8},"end":{"line":100,"column":25}},"12":{"start":{"line":106,"column":8},"end":{"line":106,"column":3730}},"13":{"start":{"line":109,"column":8},"end":{"line":109,"column":27}},"14":{"start":{"line":110,"column":8},"end":{"line":110,"column":25}},"15":{"start":{"line":114,"column":8},"end":{"line":114,"column":39}},"16":{"start":{"line":118,"column":8},"end":{"line":118,"column":25}},"17":{"start":{"line":124,"column":8},"end":{"line":124,"column":37}},"18":{"start":{"line":126,"column":8},"end":{"line":126,"column":27}},"19":{"start":{"line":127,"column":8},"end":{"line":127,"column":25}},"20":{"start":{"line":131,"column":8},"end":{"line":131,"column":25}},"21":{"start":{"line":138,"column":8},"end":{"line":138,"column":47}},"22":{"start":{"line":144,"column":8},"end":{"line":144,"column":73}},"23":{"start":{"line":151,"column":8},"end":{"line":151,"column":20}},"24":{"start":{"line":161,"column":8},"end":{"line":161,"column":21}},"25":{"start":{"line":163,"column":8},"end":{"line":163,"column":21}},"26":{"start":{"line":167,"column":8},"end":{"line":167,"column":21}}},"branchMap":{"1":{"line":44,"type":"if","locations":[{"start":{"line":44,"column":8},"end":{"line":44,"column":8}},{"start":{"line":44,"column":8},"end":{"line":44,"column":8}}]},"2":{"line":51,"type":"if","locations":[{"start":{"line":51,"column":8},"end":{"line":51,"column":8}},{"start":{"line":51,"column":8},"end":{"line":51,"column":8}}]},"3":{"line":58,"type":"if","locations":[{"start":{"line":58,"column":8},"end":{"line":58,"column":8}},{"start":{"line":58,"column":8},"end":{"line":58,"column":8}}]},"4":{"line":64,"type":"if","locations":[{"start":{"line":64,"column":8},"end":{"line":64,"column":8}},{"start":{"line":64,"column":8},"end":{"line":64,"column":8}}]},"5":{"line":80,"type":"if","locations":[{"start":{"line":80,"column":8},"end":{"line":80,"column":8}},{"start":{"line":80,"column":8},"end":{"line":80,"column":8}}]},"6":{"line":106,"type":"if","locations":[{"start":{"line":106,"column":8},"end":{"line":106,"column":8}},{"start":{"line":106,"column":8},"end":{"line":106,"column":8}}]},"7":{"line":124,"type":"if","locations":[{"start":{"line":124,"column":8},"end":{"line":124,"column":8}},{"start":{"line":124,"column":8},"end":{"line":124,"column":8}}]},"8":{"line":138,"type":"if","locations":[{"start":{"line":138,"column":8},"end":{"line":138,"column":8}},{"start":{"line":138,"column":8},"end":{"line":138,"column":8}}]},"9":{"line":144,"type":"if","locations":[{"start":{"line":144,"column":8},"end":{"line":144,"column":8}},{"start":{"line":144,"column":8},"end":{"line":144,"column":8}}]}}},"contracts/roles/RecipientsManager.sol":{"l":{"21":2,"23":2,"32":2,"33":2,"42":0,"46":0,"48":0,"52":0,"54":0,"63":0,"72":0,"76":2,"80":2,"86":2,"95":2,"96":2,"98":2,"99":2,"100":2,"103":2,"106":2,"110":2,"111":2,"112":2,"114":2,"116":2,"120":2,"128":0,"129":0,"132":0,"141":0,"142":0,"144":0,"146":0,"154":0,"162":0,"170":0,"178":0,"190":1,"201":5,"202":5,"206":5,"210":3,"211":3,"215":3,"219":8,"220":8,"224":8,"233":5,"234":5,"236":5,"237":5,"238":5,"239":5,"242":5,"246":5,"247":5,"248":5,"249":5,"251":5,"255":5},"path":"/Users/jim/trash/EthDrop/contracts/roles/RecipientsManager.sol","s":{"1":2,"2":2,"3":2,"4":0,"5":0,"6":0,"7":0,"8":0,"9":2,"10":2,"11":2,"12":2,"13":2,"14":2,"15":2,"16":2,"17":2,"18":2,"19":2,"20":2,"21":2,"22":2,"23":2,"24":0,"25":0,"26":0,"27":0,"28":0,"29":0,"30":0,"31":0,"32":0,"33":0,"34":1,"35":5,"36":5,"37":3,"38":3,"39":8,"40":8,"41":5,"42":5,"43":5,"44":5,"45":5,"46":5,"47":5,"48":5,"49":5,"50":5,"51":5,"52":5,"53":5},"b":{"1":[2,0],"2":[0,0],"3":[0,0],"4":[2,0],"5":[2,0],"6":[0,0],"7":[5,0],"8":[3,0],"9":[8,0],"10":[5,0]},"f":{"1":45,"2":2,"3":2,"4":0,"5":0,"6":0,"7":0,"8":0,"9":2,"10":2,"11":0,"12":0,"13":0,"14":0,"15":0,"16":0,"17":1,"18":5,"19":3,"20":8,"21":5},"fnMap":{"1":{"name":"constructor","line":18,"loc":{"start":{"line":18,"column":4},"end":{"line":18,"column":19}}},"2":{"name":"onlyEligibleRecipients","line":20,"loc":{"start":{"line":20,"column":4},"end":{"line":24,"column":4}}},"3":{"name":"isEligibleRecipient","line":29,"loc":{"start":{"line":26,"column":4},"end":{"line":34,"column":4}}},"4":{"name":"amIEligibleRecipient","line":39,"loc":{"start":{"line":36,"column":4},"end":{"line":43,"column":4}}},"5":{"name":"onlyRegisteredRecipients","line":45,"loc":{"start":{"line":45,"column":4},"end":{"line":49,"column":4}}},"6":{"name":"hasntAlreadyClaimedWinnings","line":51,"loc":{"start":{"line":51,"column":4},"end":{"line":55,"column":4}}},"7":{"name":"isRegisteredRecipient","line":60,"loc":{"start":{"line":57,"column":4},"end":{"line":64,"column":4}}},"8":{"name":"amIRegisteredRecipient","line":69,"loc":{"start":{"line":66,"column":4},"end":{"line":73,"column":4}}},"9":{"name":"recipientEligibilityIsEnabled","line":75,"loc":{"start":{"line":75,"column":4},"end":{"line":87,"column":4}}},"10":{"name":"registerForEvent","line":93,"loc":{"start":{"line":89,"column":4},"end":{"line":121,"column":4}}},"11":{"name":"doIHaveClaimableWinnings","line":123,"loc":{"start":{"line":123,"column":4},"end":{"line":133,"column":4}}},"12":{"name":"claimWinnings","line":139,"loc":{"start":{"line":135,"column":4},"end":{"line":147,"column":4}}},"13":{"name":"getEligibleRecipientAddresses","line":149,"loc":{"start":{"line":149,"column":4},"end":{"line":155,"column":4}}},"14":{"name":"getEligibleRecipientNames","line":157,"loc":{"start":{"line":157,"column":4},"end":{"line":163,"column":4}}},"15":{"name":"getRegisteredRecipientNames","line":165,"loc":{"start":{"line":165,"column":4},"end":{"line":171,"column":4}}},"16":{"name":"getEligibleRecipientIsEligibilityEnabled","line":173,"loc":{"start":{"line":173,"column":4},"end":{"line":179,"column":4}}},"17":{"name":"getRegisteredRecipients","line":181,"loc":{"start":{"line":181,"column":4},"end":{"line":195,"column":4}}},"18":{"name":"requestsToJoinGroupNotAlreadyPending","line":197,"loc":{"start":{"line":197,"column":4},"end":{"line":207,"column":4}}},"19":{"name":"requestsToJoinGroupIsPending","line":209,"loc":{"start":{"line":209,"column":4},"end":{"line":216,"column":4}}},"20":{"name":"notAlreadyInGroup","line":218,"loc":{"start":{"line":218,"column":4},"end":{"line":225,"column":4}}},"21":{"name":"requestToJoinGroup","line":231,"loc":{"start":{"line":228,"column":4},"end":{"line":260,"column":4}}}},"statementMap":{"1":{"start":{"line":21,"column":8},"end":{"line":21,"column":693}},"2":{"start":{"line":32,"column":8},"end":{"line":32,"column":74}},"3":{"start":{"line":33,"column":8},"end":{"line":33,"column":77}},"4":{"start":{"line":42,"column":8},"end":{"line":42,"column":55}},"5":{"start":{"line":46,"column":8},"end":{"line":46,"column":1389}},"6":{"start":{"line":52,"column":8},"end":{"line":52,"column":1612}},"7":{"start":{"line":63,"column":8},"end":{"line":63,"column":71}},"8":{"start":{"line":72,"column":8},"end":{"line":72,"column":57}},"9":{"start":{"line":76,"column":8},"end":{"line":76,"column":2225}},"10":{"start":{"line":80,"column":8},"end":{"line":80,"column":2333}},"11":{"start":{"line":95,"column":8},"end":{"line":95,"column":2778}},"12":{"start":{"line":96,"column":12},"end":{"line":96,"column":53}},"13":{"start":{"line":98,"column":12},"end":{"line":98,"column":70}},"14":{"start":{"line":99,"column":12},"end":{"line":99,"column":58}},"15":{"start":{"line":100,"column":12},"end":{"line":100,"column":69}},"16":{"start":{"line":103,"column":8},"end":{"line":103,"column":3124}},"17":{"start":{"line":106,"column":8},"end":{"line":106,"column":3258}},"18":{"start":{"line":110,"column":8},"end":{"line":110,"column":66}},"19":{"start":{"line":111,"column":8},"end":{"line":111,"column":75}},"20":{"start":{"line":112,"column":8},"end":{"line":112,"column":65}},"21":{"start":{"line":114,"column":8},"end":{"line":114,"column":110}},"22":{"start":{"line":116,"column":8},"end":{"line":116,"column":3700}},"23":{"start":{"line":120,"column":8},"end":{"line":120,"column":53}},"24":{"start":{"line":128,"column":8},"end":{"line":128,"column":3990}},"25":{"start":{"line":129,"column":12},"end":{"line":129,"column":24}},"26":{"start":{"line":132,"column":8},"end":{"line":132,"column":61}},"27":{"start":{"line":141,"column":8},"end":{"line":141,"column":52}},"28":{"start":{"line":144,"column":8},"end":{"line":144,"column":71}},"29":{"start":{"line":146,"column":8},"end":{"line":146,"column":49}},"30":{"start":{"line":154,"column":8},"end":{"line":154,"column":55}},"31":{"start":{"line":162,"column":8},"end":{"line":162,"column":51}},"32":{"start":{"line":170,"column":8},"end":{"line":170,"column":53}},"33":{"start":{"line":178,"column":8},"end":{"line":178,"column":62}},"34":{"start":{"line":190,"column":8},"end":{"line":190,"column":5584}},"35":{"start":{"line":201,"column":8},"end":{"line":201,"column":79}},"36":{"start":{"line":202,"column":8},"end":{"line":202,"column":5974}},"37":{"start":{"line":210,"column":8},"end":{"line":210,"column":79}},"38":{"start":{"line":211,"column":8},"end":{"line":211,"column":6283}},"39":{"start":{"line":219,"column":8},"end":{"line":219,"column":78}},"40":{"start":{"line":220,"column":8},"end":{"line":220,"column":6633}},"41":{"start":{"line":233,"column":8},"end":{"line":233,"column":7045}},"42":{"start":{"line":234,"column":12},"end":{"line":234,"column":52}},"43":{"start":{"line":236,"column":12},"end":{"line":236,"column":65}},"44":{"start":{"line":237,"column":12},"end":{"line":237,"column":53}},"45":{"start":{"line":238,"column":12},"end":{"line":238,"column":52}},"46":{"start":{"line":239,"column":12},"end":{"line":239,"column":60}},"47":{"start":{"line":242,"column":8},"end":{"line":242,"column":7452}},"48":{"start":{"line":246,"column":8},"end":{"line":246,"column":61}},"49":{"start":{"line":247,"column":8},"end":{"line":247,"column":55}},"50":{"start":{"line":248,"column":8},"end":{"line":248,"column":47}},"51":{"start":{"line":249,"column":8},"end":{"line":249,"column":56}},"52":{"start":{"line":251,"column":8},"end":{"line":251,"column":7775}},"53":{"start":{"line":255,"column":8},"end":{"line":255,"column":7888}}},"branchMap":{"1":{"line":21,"type":"if","locations":[{"start":{"line":21,"column":8},"end":{"line":21,"column":8}},{"start":{"line":21,"column":8},"end":{"line":21,"column":8}}]},"2":{"line":46,"type":"if","locations":[{"start":{"line":46,"column":8},"end":{"line":46,"column":8}},{"start":{"line":46,"column":8},"end":{"line":46,"column":8}}]},"3":{"line":52,"type":"if","locations":[{"start":{"line":52,"column":8},"end":{"line":52,"column":8}},{"start":{"line":52,"column":8},"end":{"line":52,"column":8}}]},"4":{"line":80,"type":"if","locations":[{"start":{"line":80,"column":8},"end":{"line":80,"column":8}},{"start":{"line":80,"column":8},"end":{"line":80,"column":8}}]},"5":{"line":95,"type":"if","locations":[{"start":{"line":95,"column":8},"end":{"line":95,"column":8}},{"start":{"line":95,"column":8},"end":{"line":95,"column":8}}]},"6":{"line":128,"type":"if","locations":[{"start":{"line":128,"column":8},"end":{"line":128,"column":8}},{"start":{"line":128,"column":8},"end":{"line":128,"column":8}}]},"7":{"line":202,"type":"if","locations":[{"start":{"line":202,"column":8},"end":{"line":202,"column":8}},{"start":{"line":202,"column":8},"end":{"line":202,"column":8}}]},"8":{"line":211,"type":"if","locations":[{"start":{"line":211,"column":8},"end":{"line":211,"column":8}},{"start":{"line":211,"column":8},"end":{"line":211,"column":8}}]},"9":{"line":220,"type":"if","locations":[{"start":{"line":220,"column":8},"end":{"line":220,"column":8}},{"start":{"line":220,"column":8},"end":{"line":220,"column":8}}]},"10":{"line":233,"type":"if","locations":[{"start":{"line":233,"column":8},"end":{"line":233,"column":8}},{"start":{"line":233,"column":8},"end":{"line":233,"column":8}}]}}}}